<?xml version="1.0" encoding="UTF-8"?>
<testsuite xmlns:xsi="http://www.w3.org/2001/XMLSchema-instance" xsi:noNamespaceSchemaLocation="https://maven.apache.org/surefire/maven-surefire-plugin/xsd/surefire-test-report.xsd" version="3.0.2" name="com.clubfutbol.demo.FutbolClubApplicationTests" time="7.763" tests="1" errors="0" skipped="0" failures="0">
  <properties>
[...]
</properties>
  <testcase name="contextLoads" classname="com.clubfutbol.demo.FutbolClubApplicationTests" time="0.691">
    <system-out><![CDATA[20:58:58.418 [main] INFO org.springframework.test.context.support.AnnotationConfigContextLoaderUtils -- Could not detect default configuration classes for test class [com.clubfutbol.demo.FutbolClubApplicationTests]: FutbolClubApplicationTests does not declare any static, non-private, non-final, nested classes annotated with @Configuration.
20:58:58.604 [main] INFO org.springframework.boot.test.context.SpringBootTestContextBootstrapper -- Found @SpringBootConfiguration com.clubfutbol.FutbolClubApplication for test class com.clubfutbol.demo.FutbolClubApplicationTests
20:58:58.876 [main] INFO org.springframework.boot.devtools.restart.RestartApplicationListener -- Restart disabled due to context in which it is running

  .   ____          _            __ _ _
 /\\ / ___'_ __ _ _(_)_ __  __ _ \ \ \ \
( ( )\___ | '_ | '_| | '_ \/ _` | \ \ \ \
 \\/  ___)| |_)| | | | | || (_| |  ) ) ) )
  '  |____| .__|_| |_|_| |_\__, | / / / /
 =========|_|==============|___/=/_/_/_/

 :: Spring Boot ::                (v3.4.5)

2025-05-22T20:58:59.345-05:00  INFO 5780 --- [futbol-club] [           main] c.c.demo.FutbolClubApplicationTests      : Starting FutbolClubApplicationTests using Java 21.0.6 with PID 5780 (started by gerar in C:\springGerardo\futbol-club)
2025-05-22T20:58:59.347-05:00  INFO 5780 --- [futbol-club] [           main] c.c.demo.FutbolClubApplicationTests      : No active profile set, falling back to 1 default profile: "default"
2025-05-22T20:59:00.539-05:00  INFO 5780 --- [futbol-club] [           main] .s.d.r.c.RepositoryConfigurationDelegate : Bootstrapping Spring Data JPA repositories in DEFAULT mode.
2025-05-22T20:59:00.656-05:00  INFO 5780 --- [futbol-club] [           main] .s.d.r.c.RepositoryConfigurationDelegate : Finished Spring Data repository scanning in 99 ms. Found 5 JPA repository interfaces.
2025-05-22T20:59:01.377-05:00  INFO 5780 --- [futbol-club] [           main] o.hibernate.jpa.internal.util.LogHelper  : HHH000204: Processing PersistenceUnitInfo [name: default]
2025-05-22T20:59:01.497-05:00  INFO 5780 --- [futbol-club] [           main] org.hibernate.Version                    : HHH000412: Hibernate ORM core version 6.6.13.Final
2025-05-22T20:59:01.562-05:00  INFO 5780 --- [futbol-club] [           main] o.h.c.internal.RegionFactoryInitiator    : HHH000026: Second-level cache disabled
2025-05-22T20:59:02.144-05:00  INFO 5780 --- [futbol-club] [           main] o.s.o.j.p.SpringPersistenceUnitInfo      : No LoadTimeWeaver setup: ignoring JPA class transformer
2025-05-22T20:59:02.202-05:00  INFO 5780 --- [futbol-club] [           main] com.zaxxer.hikari.HikariDataSource       : HikariPool-1 - Starting...
2025-05-22T20:59:02.481-05:00  INFO 5780 --- [futbol-club] [           main] com.zaxxer.hikari.pool.HikariPool        : HikariPool-1 - Added connection conn0: url=jdbc:h2:mem:testdb user=SA
2025-05-22T20:59:02.485-05:00  INFO 5780 --- [futbol-club] [           main] com.zaxxer.hikari.HikariDataSource       : HikariPool-1 - Start completed.
2025-05-22T20:59:02.516-05:00  WARN 5780 --- [futbol-club] [           main] org.hibernate.orm.deprecation            : HHH90000025: H2Dialect does not need to be specified explicitly using 'hibernate.dialect' (remove the property setting and it will be selected by default)
2025-05-22T20:59:02.553-05:00  INFO 5780 --- [futbol-club] [           main] org.hibernate.orm.connections.pooling    : HHH10001005: Database info:
	Database JDBC URL [Connecting through datasource 'HikariDataSource (HikariPool-1)']
	Database driver: undefined/unknown
	Database version: 2.3.232
	Autocommit mode: undefined/unknown
	Isolation level: undefined/unknown
	Minimum pool size: undefined/unknown
	Maximum pool size: undefined/unknown
2025-05-22T20:59:03.819-05:00  INFO 5780 --- [futbol-club] [           main] o.h.e.t.j.p.i.JtaPlatformInitiator       : HHH000489: No JTA platform available (set 'hibernate.transaction.jta.platform' to enable JTA platform integration)
Hibernate: create table asociaciones (id bigint generated by default as identity, nombre varchar(255), pais varchar(255), presidente varchar(255), primary key (id))
Hibernate: create table club_competicion (id_club bigint not null, id_competicion bigint not null)
Hibernate: create table clubes (id bigint generated by default as identity, ciudad varchar(255), fundacion integer not null, nombre varchar(255), id_asociacion bigint, id_entrenador bigint, primary key (id))
Hibernate: create table competiciones (id bigint generated by default as identity, fecha_fin date, fecha_inicio date, monto_premio float(53) not null, nombre varchar(255), primary key (id))
Hibernate: create table entrenadores (id bigint generated by default as identity, apellido varchar(255), edad integer not null, nacionalidad varchar(255), nombre varchar(255), primary key (id))
Hibernate: create table jugadores (id bigint generated by default as identity, apellido varchar(255), nombre varchar(255), numero integer not null, posicion varchar(255), id_club bigint, primary key (id))
Hibernate: alter table if exists clubes drop constraint if exists UKouk8rl5rx4i7sb3emspiiov0v
Hibernate: alter table if exists clubes add constraint UKouk8rl5rx4i7sb3emspiiov0v unique (id_entrenador)
Hibernate: alter table if exists club_competicion add constraint FK62p0iocasmtq7gddvodviwgsv foreign key (id_competicion) references competiciones
Hibernate: alter table if exists club_competicion add constraint FK9fa8x6js5j4r0noaifbxlqst foreign key (id_club) references clubes
Hibernate: alter table if exists clubes add constraint FKt03io86j01ipewgk4p25askhn foreign key (id_asociacion) references asociaciones
Hibernate: alter table if exists clubes add constraint FK5ummrcq8ch4x3r9axj2kaaxfm foreign key (id_entrenador) references entrenadores
Hibernate: alter table if exists jugadores add constraint FKe89mslunsev7970mntmdokjyx foreign key (id_club) references clubes
2025-05-22T20:59:03.921-05:00  INFO 5780 --- [futbol-club] [           main] j.LocalContainerEntityManagerFactoryBean : Initialized JPA EntityManagerFactory for persistence unit 'default'
2025-05-22T20:59:04.561-05:00  WARN 5780 --- [futbol-club] [           main] JpaBaseConfiguration$JpaWebConfiguration : spring.jpa.open-in-view is enabled by default. Therefore, database queries may be performed during view rendering. Explicitly configure spring.jpa.open-in-view to disable this warning
2025-05-22T20:59:04.603-05:00  INFO 5780 --- [futbol-club] [           main] o.s.b.a.w.s.WelcomePageHandlerMapping    : Adding welcome page template: index
2025-05-22T20:59:05.155-05:00  INFO 5780 --- [futbol-club] [           main] o.s.b.a.h2.H2ConsoleAutoConfiguration    : H2 console available at '/h2-console'. Database available at 'jdbc:h2:mem:testdb'
2025-05-22T20:59:05.254-05:00  INFO 5780 --- [futbol-club] [           main] c.c.demo.FutbolClubApplicationTests      : Started FutbolClubApplicationTests in 6.405 seconds (process running for 7.818)
]]></system-out>
    <system-err><![CDATA[Mockito is currently self-attaching to enable the inline-mock-maker. This will no longer work in future releases of the JDK. Please add Mockito as an agent to your build what is described in Mockito's documentation: https://javadoc.io/doc/org.mockito/mockito-core/latest/org/mockito/Mockito.html#0.3
WARNING: A Java agent has been loaded dynamically (C:\Users\gerar\.m2\repository\net\bytebuddy\byte-buddy-agent\1.15.11\byte-buddy-agent-1.15.11.jar)
WARNING: If a serviceability tool is in use, please run with -XX:+EnableDynamicAgentLoading to hide this warning
WARNING: If a serviceability tool is not in use, please run with -Djdk.instrument.traceUsage for more information
WARNING: Dynamic loading of agents will be disallowed by default in a future release
]]></system-err>
  </testcase>
</testsuite>